0 info it worked if it ends with ok
1 verbose cli [ 'node', '/usr/local/bin/npm', 'start' ]
2 info using npm@2.11.2
3 info using node@v0.12.5
4 verbose run-script [ 'prestart', 'start', 'poststart' ]
5 info prestart idea-client@1.0.0
6 info start idea-client@1.0.0
7 verbose unsafe-perm in lifecycle true
8 info idea-client@1.0.0 Failed to exec start script
9 verbose stack Error: idea-client@1.0.0 start: `http-server -a 0.0.0.0 -p 8000`
9 verbose stack spawn ENOENT
9 verbose stack     at ChildProcess.<anonymous> (/usr/local/lib/node_modules/npm/lib/utils/spawn.js:17:16)
9 verbose stack     at ChildProcess.emit (events.js:110:17)
9 verbose stack     at maybeClose (child_process.js:1015:16)
9 verbose stack     at Process.ChildProcess._handle.onexit (child_process.js:1087:5)
10 verbose pkgid idea-client@1.0.0
11 verbose cwd /Users/Kay/Documents/ideaBox-client
12 error Darwin 14.1.1
13 error argv "node" "/usr/local/bin/npm" "start"
14 error node v0.12.5
15 error npm  v2.11.2
16 error file sh
17 error code ELIFECYCLE
18 error errno ENOENT
19 error syscall spawn
20 error idea-client@1.0.0 start: `http-server -a 0.0.0.0 -p 8000`
20 error spawn ENOENT
21 error Failed at the idea-client@1.0.0 start script 'http-server -a 0.0.0.0 -p 8000'.
21 error This is most likely a problem with the idea-client package,
21 error not with npm itself.
21 error Tell the author that this fails on your system:
21 error     http-server -a 0.0.0.0 -p 8000
21 error You can get their info via:
21 error     npm owner ls idea-client
21 error There is likely additional logging output above.
22 verbose exit [ 1, true ]
